sample.interval=20000
"dist" "as.matrix" "compare" 
"t" "as.matrix.dist" "as.matrix" "compare" 
"FUN" "apply" "compare" 
"FUN" "apply" "compare" 
"apply" "compare" 
"array" "apply" "compare" 
"t.default" "t" "as.matrix.dist" "as.matrix" "compare" 
"aperm.default" "aperm" "apply" "compare" 
"FUN" "apply" "compare" 
"apply" "compare" 
"apply" "compare" 
"grep" "is.ddsym" "cmpSym" "cmp" "genCode" "cb$putconst" "cmpCallArgs" "cmpCallSymFun" "cmpCall" "cmp" "cmpSymbolAssign" "h" "tryInline" "cmpCall" "cmp" "h" "tryInline" "cmpCall" "cmp" "genCode" "cmpfun" "doTryCatch" "tryCatchOne" "tryCatchList" "tryCatch" "compiler:::tryCmpfun" "trustworthiness" "FUN" "lapply" "unlist" "cbind" "compare" 
"unique" "setdiff" "trustworthiness" "FUN" "lapply" "unlist" "cbind" "compare" 
"unique" "setdiff" "trustworthiness" "FUN" "lapply" "unlist" "cbind" "compare" 
"unique" "setdiff" "trustworthiness" "FUN" "lapply" "unlist" "cbind" "compare" 
"as.vector" "setdiff" "trustworthiness" "FUN" "lapply" "unlist" "cbind" "compare" 
"trustworthiness" "FUN" "lapply" "unlist" "cbind" "compare" 
"unique" "setdiff" "trustworthiness" "FUN" "lapply" "unlist" "cbind" "compare" 
"as.vector" "setdiff" "trustworthiness" "FUN" "lapply" "unlist" "cbind" "compare" 
"trustworthiness" "FUN" "lapply" "unlist" "cbind" "compare" 
"trustworthiness" "FUN" "lapply" "unlist" "cbind" "compare" 
"trustworthiness" "FUN" "lapply" "unlist" "cbind" "compare" 
"unique" "setdiff" "trustworthiness" "FUN" "lapply" "unlist" "cbind" "compare" 
"unique" "setdiff" "trustworthiness" "FUN" "lapply" "unlist" "cbind" "compare" 
"trustworthiness" "FUN" "lapply" "unlist" "cbind" "compare" 
"trustworthiness" "FUN" "lapply" "unlist" "cbind" "compare" 
"unique" "setdiff" "trustworthiness" "FUN" "lapply" "unlist" "cbind" "compare" 
"unique.default" "unique" "setdiff" "trustworthiness" "FUN" "lapply" "unlist" "cbind" "compare" 
"as.vector" "setdiff" "trustworthiness" "FUN" "lapply" "unlist" "cbind" "compare" 
"unique" "setdiff" "trustworthiness" "FUN" "lapply" "unlist" "cbind" "compare" 
"unique" "setdiff" "trustworthiness" "FUN" "lapply" "unlist" "cbind" "compare" 
"trustworthiness" "FUN" "lapply" "unlist" "cbind" "compare" 
"unique" "setdiff" "trustworthiness" "FUN" "lapply" "unlist" "cbind" "compare" 
"unique.default" "unique" "setdiff" "trustworthiness" "FUN" "lapply" "unlist" "cbind" "compare" 
"unique" "setdiff" "trustworthiness" "FUN" "lapply" "unlist" "cbind" "compare" 
"trustworthiness" "FUN" "lapply" "unlist" "cbind" "compare" 
"trustworthiness" "FUN" "lapply" "unlist" "cbind" "compare" 
"unique" "setdiff" "trustworthiness" "FUN" "lapply" "unlist" "cbind" "compare" 
"findLocals1" "lapply" "FUN" "lapply" "findLocalsList1" "findLocalsList" "funEnv" "make.functionContext" "cmpfun" "doTryCatch" "tryCatchOne" "tryCatchList" "tryCatch" "compiler:::tryCmpfun" "continuity" "FUN" "lapply" "unlist" "cbind" "compare" 
"as.vector" "setdiff" "continuity" "FUN" "lapply" "unlist" "cbind" "compare" 
"unique" "setdiff" "continuity" "FUN" "lapply" "unlist" "cbind" "compare" 
"continuity" "FUN" "lapply" "unlist" "cbind" "compare" 
"unique" "setdiff" "continuity" "FUN" "lapply" "unlist" "cbind" "compare" 
"continuity" "FUN" "lapply" "unlist" "cbind" "compare" 
"unique" "setdiff" "continuity" "FUN" "lapply" "unlist" "cbind" "compare" 
"continuity" "FUN" "lapply" "unlist" "cbind" "compare" 
"unique" "setdiff" "continuity" "FUN" "lapply" "unlist" "cbind" "compare" 
"unique.default" "unique" "setdiff" "continuity" "FUN" "lapply" "unlist" "cbind" "compare" 
"continuity" "FUN" "lapply" "unlist" "cbind" "compare" 
"unique" "setdiff" "continuity" "FUN" "lapply" "unlist" "cbind" "compare" 
"as.vector" "setdiff" "continuity" "FUN" "lapply" "unlist" "cbind" "compare" 
"unique" "setdiff" "continuity" "FUN" "lapply" "unlist" "cbind" "compare" 
"unique" "setdiff" "continuity" "FUN" "lapply" "unlist" "cbind" "compare" 
"unique" "setdiff" "continuity" "FUN" "lapply" "unlist" "cbind" "compare" 
"continuity" "FUN" "lapply" "unlist" "cbind" "compare" 
"continuity" "FUN" "lapply" "unlist" "cbind" "compare" 
"continuity" "FUN" "lapply" "unlist" "cbind" "compare" 
"continuity" "FUN" "lapply" "unlist" "cbind" "compare" 
"continuity" "FUN" "lapply" "unlist" "cbind" "compare" 
"continuity" "FUN" "lapply" "unlist" "cbind" "compare" 
"unique" "setdiff" "continuity" "FUN" "lapply" "unlist" "cbind" "compare" 
"unique" "setdiff" "continuity" "FUN" "lapply" "unlist" "cbind" "compare" 
"continuity" "FUN" "lapply" "unlist" "cbind" "compare" 
"as.vector" "setdiff" "continuity" "FUN" "lapply" "unlist" "cbind" "compare" 
"as.vector" "setdiff" "continuity" "FUN" "lapply" "unlist" "cbind" "compare" 
"unique.default" "unique" "setdiff" "continuity" "FUN" "lapply" "unlist" "cbind" "compare" 
"continuity" "FUN" "lapply" "unlist" "cbind" "compare" 
"continuity" "FUN" "lapply" "unlist" "cbind" "compare" 
"dist" "as.matrix" "compare" 
"aperm.default" "aperm" "apply" "compare" 
"FUN" "apply" "compare" 
"FUN" "apply" "compare" 
"FUN" "apply" "compare" 
"trustworthiness" "FUN" "lapply" "unlist" "cbind" "compare" 
"unique.default" "unique" "setdiff" "trustworthiness" "FUN" "lapply" "unlist" "cbind" "compare" 
"unique" "setdiff" "trustworthiness" "FUN" "lapply" "unlist" "cbind" "compare" 
"trustworthiness" "FUN" "lapply" "unlist" "cbind" "compare" 
"trustworthiness" "FUN" "lapply" "unlist" "cbind" "compare" 
"unique" "setdiff" "trustworthiness" "FUN" "lapply" "unlist" "cbind" "compare" 
"unique.default" "unique" "setdiff" "trustworthiness" "FUN" "lapply" "unlist" "cbind" "compare" 
"trustworthiness" "FUN" "lapply" "unlist" "cbind" "compare" 
"trustworthiness" "FUN" "lapply" "unlist" "cbind" "compare" 
"trustworthiness" "FUN" "lapply" "unlist" "cbind" "compare" 
"as.vector" "setdiff" "trustworthiness" "FUN" "lapply" "unlist" "cbind" "compare" 
"as.vector" "setdiff" "trustworthiness" "FUN" "lapply" "unlist" "cbind" "compare" 
"as.vector" "setdiff" "trustworthiness" "FUN" "lapply" "unlist" "cbind" "compare" 
"unique" "setdiff" "trustworthiness" "FUN" "lapply" "unlist" "cbind" "compare" 
"trustworthiness" "FUN" "lapply" "unlist" "cbind" "compare" 
"setdiff" "trustworthiness" "FUN" "lapply" "unlist" "cbind" "compare" 
"trustworthiness" "FUN" "lapply" "unlist" "cbind" "compare" 
"unique" "setdiff" "trustworthiness" "FUN" "lapply" "unlist" "cbind" "compare" 
"unique" "setdiff" "trustworthiness" "FUN" "lapply" "unlist" "cbind" "compare" 
"unique" "setdiff" "trustworthiness" "FUN" "lapply" "unlist" "cbind" "compare" 
"unique" "setdiff" "trustworthiness" "FUN" "lapply" "unlist" "cbind" "compare" 
"unique" "setdiff" "trustworthiness" "FUN" "lapply" "unlist" "cbind" "compare" 
"unique" "setdiff" "trustworthiness" "FUN" "lapply" "unlist" "cbind" "compare" 
"unique" "setdiff" "trustworthiness" "FUN" "lapply" "unlist" "cbind" "compare" 
"unique" "setdiff" "trustworthiness" "FUN" "lapply" "unlist" "cbind" "compare" 
"unique" "setdiff" "trustworthiness" "FUN" "lapply" "unlist" "cbind" "compare" 
"unique" "setdiff" "trustworthiness" "FUN" "lapply" "unlist" "cbind" "compare" 
"unique" "setdiff" "trustworthiness" "FUN" "lapply" "unlist" "cbind" "compare" 
"unique" "setdiff" "trustworthiness" "FUN" "lapply" "unlist" "cbind" "compare" 
"unique" "setdiff" "trustworthiness" "FUN" "lapply" "unlist" "cbind" "compare" 
"unique" "setdiff" "trustworthiness" "FUN" "lapply" "unlist" "cbind" "compare" 
"unique" "setdiff" "trustworthiness" "FUN" "lapply" "unlist" "cbind" "compare" 
"unique" "setdiff" "trustworthiness" "FUN" "lapply" "unlist" "cbind" "compare" 
"unique" "setdiff" "trustworthiness" "FUN" "lapply" "unlist" "cbind" "compare" 
"unique" "setdiff" "trustworthiness" "FUN" "lapply" "unlist" "cbind" "compare" 
"as.vector" "setdiff" "continuity" "FUN" "lapply" "unlist" "cbind" "compare" 
"unique" "setdiff" "continuity" "FUN" "lapply" "unlist" "cbind" "compare" 
"as.vector" "setdiff" "continuity" "FUN" "lapply" "unlist" "cbind" "compare" 
"continuity" "FUN" "lapply" "unlist" "cbind" "compare" 
"unique" "setdiff" "continuity" "FUN" "lapply" "unlist" "cbind" "compare" 
"continuity" "FUN" "lapply" "unlist" "cbind" "compare" 
"unique" "setdiff" "continuity" "FUN" "lapply" "unlist" "cbind" "compare" 
"as.vector" "setdiff" "continuity" "FUN" "lapply" "unlist" "cbind" "compare" 
"continuity" "FUN" "lapply" "unlist" "cbind" "compare" 
"continuity" "FUN" "lapply" "unlist" "cbind" "compare" 
"unique" "setdiff" "continuity" "FUN" "lapply" "unlist" "cbind" "compare" 
"as.vector" "setdiff" "continuity" "FUN" "lapply" "unlist" "cbind" "compare" 
"setdiff" "continuity" "FUN" "lapply" "unlist" "cbind" "compare" 
"unique" "setdiff" "continuity" "FUN" "lapply" "unlist" "cbind" "compare" 
"continuity" "FUN" "lapply" "unlist" "cbind" "compare" 
"continuity" "FUN" "lapply" "unlist" "cbind" "compare" 
"continuity" "FUN" "lapply" "unlist" "cbind" "compare" 
"unique" "setdiff" "continuity" "FUN" "lapply" "unlist" "cbind" "compare" 
"unique" "setdiff" "continuity" "FUN" "lapply" "unlist" "cbind" "compare" 
"continuity" "FUN" "lapply" "unlist" "cbind" "compare" 
"unique" "setdiff" "continuity" "FUN" "lapply" "unlist" "cbind" "compare" 
"unique" "setdiff" "continuity" "FUN" "lapply" "unlist" "cbind" "compare" 
"continuity" "FUN" "lapply" "unlist" "cbind" "compare" 
"matrix" "as.matrix.dist" "as.matrix" "compare" 
"as.matrix.dist" "as.matrix" "compare" 
"FUN" "apply" "compare" 
"apply" "compare" 
"vapply" "FUN" "apply" "compare" 
"is.factor" "unique.default" "unique" "setdiff" "trustworthiness" "FUN" "lapply" "unlist" "cbind" "compare" 
"unique" "setdiff" "trustworthiness" "FUN" "lapply" "unlist" "cbind" "compare" 
"unique" "setdiff" "trustworthiness" "FUN" "lapply" "unlist" "cbind" "compare" 
"trustworthiness" "FUN" "lapply" "unlist" "cbind" "compare" 
"unique" "setdiff" "trustworthiness" "FUN" "lapply" "unlist" "cbind" "compare" 
"trustworthiness" "FUN" "lapply" "unlist" "cbind" "compare" 
"trustworthiness" "FUN" "lapply" "unlist" "cbind" "compare" 
"trustworthiness" "FUN" "lapply" "unlist" "cbind" "compare" 
"trustworthiness" "FUN" "lapply" "unlist" "cbind" "compare" 
"setdiff" "trustworthiness" "FUN" "lapply" "unlist" "cbind" "compare" 
"unique" "setdiff" "trustworthiness" "FUN" "lapply" "unlist" "cbind" "compare" 
"unique" "setdiff" "trustworthiness" "FUN" "lapply" "unlist" "cbind" "compare" 
"trustworthiness" "FUN" "lapply" "unlist" "cbind" "compare" 
"unique" "setdiff" "trustworthiness" "FUN" "lapply" "unlist" "cbind" "compare" 
"trustworthiness" "FUN" "lapply" "unlist" "cbind" "compare" 
"unique" "setdiff" "trustworthiness" "FUN" "lapply" "unlist" "cbind" "compare" 
"unique" "setdiff" "trustworthiness" "FUN" "lapply" "unlist" "cbind" "compare" 
"trustworthiness" "FUN" "lapply" "unlist" "cbind" "compare" 
"trustworthiness" "FUN" "lapply" "unlist" "cbind" "compare" 
"as.vector" "setdiff" "trustworthiness" "FUN" "lapply" "unlist" "cbind" "compare" 
"unique" "setdiff" "trustworthiness" "FUN" "lapply" "unlist" "cbind" "compare" 
"trustworthiness" "FUN" "lapply" "unlist" "cbind" "compare" 
"unique" "setdiff" "trustworthiness" "FUN" "lapply" "unlist" "cbind" "compare" 
"trustworthiness" "FUN" "lapply" "unlist" "cbind" "compare" 
"trustworthiness" "FUN" "lapply" "unlist" "cbind" "compare" 
"trustworthiness" "FUN" "lapply" "unlist" "cbind" "compare" 
"continuity" "FUN" "lapply" "unlist" "cbind" "compare" 
"unique" "setdiff" "continuity" "FUN" "lapply" "unlist" "cbind" "compare" 
"continuity" "FUN" "lapply" "unlist" "cbind" "compare" 
"unique" "setdiff" "continuity" "FUN" "lapply" "unlist" "cbind" "compare" 
"continuity" "FUN" "lapply" "unlist" "cbind" "compare" 
"unique.default" "unique" "setdiff" "continuity" "FUN" "lapply" "unlist" "cbind" "compare" 
"continuity" "FUN" "lapply" "unlist" "cbind" "compare" 
"unique" "setdiff" "continuity" "FUN" "lapply" "unlist" "cbind" "compare" 
"unique" "setdiff" "continuity" "FUN" "lapply" "unlist" "cbind" "compare" 
"unique" "setdiff" "continuity" "FUN" "lapply" "unlist" "cbind" "compare" 
"continuity" "FUN" "lapply" "unlist" "cbind" "compare" 
"as.vector" "setdiff" "continuity" "FUN" "lapply" "unlist" "cbind" "compare" 
"unique" "setdiff" "continuity" "FUN" "lapply" "unlist" "cbind" "compare" 
"unique" "setdiff" "continuity" "FUN" "lapply" "unlist" "cbind" "compare" 
"continuity" "FUN" "lapply" "unlist" "cbind" "compare" 
"as.vector" "setdiff" "continuity" "FUN" "lapply" "unlist" "cbind" "compare" 
"unique" "setdiff" "continuity" "FUN" "lapply" "unlist" "cbind" "compare" 
"unique" "setdiff" "continuity" "FUN" "lapply" "unlist" "cbind" "compare" 
"unique" "setdiff" "continuity" "FUN" "lapply" "unlist" "cbind" "compare" 
"unique" "setdiff" "continuity" "FUN" "lapply" "unlist" "cbind" "compare" 
"unique" "setdiff" "continuity" "FUN" "lapply" "unlist" "cbind" "compare" 
"unique" "setdiff" "continuity" "FUN" "lapply" "unlist" "cbind" "compare" 
"unique.default" "unique" "setdiff" "continuity" "FUN" "lapply" "unlist" "cbind" "compare" 
"continuity" "FUN" "lapply" "unlist" "cbind" "compare" 
"as.matrix" "dist" "as.matrix" "compare" 
"as.matrix.dist" "as.matrix" "compare" 
"match.arg" "FUN" "apply" "compare" 
"FUN" "apply" "compare" 
"match.arg" "FUN" "apply" "compare" 
"array" "apply" "compare" 
"as.vector" "setdiff" "trustworthiness" "FUN" "lapply" "unlist" "cbind" "compare" 
"setdiff" "trustworthiness" "FUN" "lapply" "unlist" "cbind" "compare" 
"trustworthiness" "FUN" "lapply" "unlist" "cbind" "compare" 
"unique" "setdiff" "trustworthiness" "FUN" "lapply" "unlist" "cbind" "compare" 
"unique" "setdiff" "trustworthiness" "FUN" "lapply" "unlist" "cbind" "compare" 
"unique.default" "unique" "setdiff" "trustworthiness" "FUN" "lapply" "unlist" "cbind" "compare" 
"is.factor" "unique.default" "unique" "setdiff" "trustworthiness" "FUN" "lapply" "unlist" "cbind" "compare" 
"unique" "setdiff" "trustworthiness" "FUN" "lapply" "unlist" "cbind" "compare" 
"trustworthiness" "FUN" "lapply" "unlist" "cbind" "compare" 
"as.vector" "setdiff" "trustworthiness" "FUN" "lapply" "unlist" "cbind" "compare" 
"unique" "setdiff" "trustworthiness" "FUN" "lapply" "unlist" "cbind" "compare" 
"unique" "setdiff" "trustworthiness" "FUN" "lapply" "unlist" "cbind" "compare" 
"trustworthiness" "FUN" "lapply" "unlist" "cbind" "compare" 
"unique.default" "unique" "setdiff" "trustworthiness" "FUN" "lapply" "unlist" "cbind" "compare" 
"as.vector" "setdiff" "trustworthiness" "FUN" "lapply" "unlist" "cbind" "compare" 
"unique.default" "unique" "setdiff" "trustworthiness" "FUN" "lapply" "unlist" "cbind" "compare" 
"trustworthiness" "FUN" "lapply" "unlist" "cbind" "compare" 
"trustworthiness" "FUN" "lapply" "unlist" "cbind" "compare" 
"trustworthiness" "FUN" "lapply" "unlist" "cbind" "compare" 
"unique" "setdiff" "trustworthiness" "FUN" "lapply" "unlist" "cbind" "compare" 
"unique.default" "unique" "setdiff" "trustworthiness" "FUN" "lapply" "unlist" "cbind" "compare" 
"trustworthiness" "FUN" "lapply" "unlist" "cbind" "compare" 
"trustworthiness" "FUN" "lapply" "unlist" "cbind" "compare" 
"trustworthiness" "FUN" "lapply" "unlist" "cbind" "compare" 
"unique" "setdiff" "trustworthiness" "FUN" "lapply" "unlist" "cbind" "compare" 
"setdiff" "continuity" "FUN" "lapply" "unlist" "cbind" "compare" 
"as.vector" "setdiff" "continuity" "FUN" "lapply" "unlist" "cbind" "compare" 
"continuity" "FUN" "lapply" "unlist" "cbind" "compare" 
"continuity" "FUN" "lapply" "unlist" "cbind" "compare" 
"unique" "setdiff" "continuity" "FUN" "lapply" "unlist" "cbind" "compare" 
"is.factor" "unique.default" "unique" "setdiff" "continuity" "FUN" "lapply" "unlist" "cbind" "compare" 
"unique" "setdiff" "continuity" "FUN" "lapply" "unlist" "cbind" "compare" 
"continuity" "FUN" "lapply" "unlist" "cbind" "compare" 
"unique" "setdiff" "continuity" "FUN" "lapply" "unlist" "cbind" "compare" 
"as.vector" "setdiff" "continuity" "FUN" "lapply" "unlist" "cbind" "compare" 
"continuity" "FUN" "lapply" "unlist" "cbind" "compare" 
"continuity" "FUN" "lapply" "unlist" "cbind" "compare" 
"continuity" "FUN" "lapply" "unlist" "cbind" "compare" 
"unique" "setdiff" "continuity" "FUN" "lapply" "unlist" "cbind" "compare" 
"continuity" "FUN" "lapply" "unlist" "cbind" "compare" 
"continuity" "FUN" "lapply" "unlist" "cbind" "compare" 
"unique" "setdiff" "continuity" "FUN" "lapply" "unlist" "cbind" "compare" 
"continuity" "FUN" "lapply" "unlist" "cbind" "compare" 
"setdiff" "continuity" "FUN" "lapply" "unlist" "cbind" "compare" 
"as.vector" "setdiff" "continuity" "FUN" "lapply" "unlist" "cbind" "compare" 
"is.factor" "unique.default" "unique" "setdiff" "continuity" "FUN" "lapply" "unlist" "cbind" "compare" 
"unique" "setdiff" "continuity" "FUN" "lapply" "unlist" "cbind" "compare" 
"continuity" "FUN" "lapply" "unlist" "cbind" "compare" 
"continuity" "FUN" "lapply" "unlist" "cbind" "compare" 
"unique.default" "unique" "setdiff" "continuity" "FUN" "lapply" "unlist" "cbind" "compare" 
"col" "as.matrix.dist" "as.matrix" "compare" 
"FUN" "apply" "compare" 
"FUN" "apply" "compare" 
"apply" "compare" 
"trustworthiness" "FUN" "lapply" "unlist" "cbind" "compare" 
"unique" "setdiff" "trustworthiness" "FUN" "lapply" "unlist" "cbind" "compare" 
"unique" "setdiff" "trustworthiness" "FUN" "lapply" "unlist" "cbind" "compare" 
"trustworthiness" "FUN" "lapply" "unlist" "cbind" "compare" 
"trustworthiness" "FUN" "lapply" "unlist" "cbind" "compare" 
"trustworthiness" "FUN" "lapply" "unlist" "cbind" "compare" 
"trustworthiness" "FUN" "lapply" "unlist" "cbind" "compare" 
"as.vector" "setdiff" "trustworthiness" "FUN" "lapply" "unlist" "cbind" "compare" 
"setdiff" "trustworthiness" "FUN" "lapply" "unlist" "cbind" "compare" 
"unique.default" "unique" "setdiff" "trustworthiness" "FUN" "lapply" "unlist" "cbind" "compare" 
"unique" "setdiff" "trustworthiness" "FUN" "lapply" "unlist" "cbind" "compare" 
"trustworthiness" "FUN" "lapply" "unlist" "cbind" "compare" 
"trustworthiness" "FUN" "lapply" "unlist" "cbind" "compare" 
"as.vector" "setdiff" "trustworthiness" "FUN" "lapply" "unlist" "cbind" "compare" 
"trustworthiness" "FUN" "lapply" "unlist" "cbind" "compare" 
"trustworthiness" "FUN" "lapply" "unlist" "cbind" "compare" 
"unique" "setdiff" "trustworthiness" "FUN" "lapply" "unlist" "cbind" "compare" 
"unique" "setdiff" "trustworthiness" "FUN" "lapply" "unlist" "cbind" "compare" 
"unique" "setdiff" "trustworthiness" "FUN" "lapply" "unlist" "cbind" "compare" 
"unique.default" "unique" "setdiff" "trustworthiness" "FUN" "lapply" "unlist" "cbind" "compare" 
"unique" "setdiff" "trustworthiness" "FUN" "lapply" "unlist" "cbind" "compare" 
"trustworthiness" "FUN" "lapply" "unlist" "cbind" "compare" 
"unique" "setdiff" "trustworthiness" "FUN" "lapply" "unlist" "cbind" "compare" 
"unique" "setdiff" "trustworthiness" "FUN" "lapply" "unlist" "cbind" "compare" 
"continuity" "FUN" "lapply" "unlist" "cbind" "compare" 
"continuity" "FUN" "lapply" "unlist" "cbind" "compare" 
"unique" "setdiff" "continuity" "FUN" "lapply" "unlist" "cbind" "compare" 
"unique" "setdiff" "continuity" "FUN" "lapply" "unlist" "cbind" "compare" 
"continuity" "FUN" "lapply" "unlist" "cbind" "compare" 
"unique.default" "unique" "setdiff" "continuity" "FUN" "lapply" "unlist" "cbind" "compare" 
"unique" "setdiff" "continuity" "FUN" "lapply" "unlist" "cbind" "compare" 
"unique" "setdiff" "continuity" "FUN" "lapply" "unlist" "cbind" "compare" 
"unique" "setdiff" "continuity" "FUN" "lapply" "unlist" "cbind" "compare" 
"continuity" "FUN" "lapply" "unlist" "cbind" "compare" 
"unique" "setdiff" "continuity" "FUN" "lapply" "unlist" "cbind" "compare" 
"setdiff" "continuity" "FUN" "lapply" "unlist" "cbind" "compare" 
"as.vector" "setdiff" "continuity" "FUN" "lapply" "unlist" "cbind" "compare" 
"as.vector" "setdiff" "continuity" "FUN" "lapply" "unlist" "cbind" "compare" 
"as.vector" "setdiff" "continuity" "FUN" "lapply" "unlist" "cbind" "compare" 
"is.factor" "unique.default" "unique" "setdiff" "continuity" "FUN" "lapply" "unlist" "cbind" "compare" 
"continuity" "FUN" "lapply" "unlist" "cbind" "compare" 
"continuity" "FUN" "lapply" "unlist" "cbind" "compare" 
"as.vector" "setdiff" "continuity" "FUN" "lapply" "unlist" "cbind" "compare" 
"continuity" "FUN" "lapply" "unlist" "cbind" "compare" 
"as.vector" "setdiff" "continuity" "FUN" "lapply" "unlist" "cbind" "compare" 
"setdiff" "continuity" "FUN" "lapply" "unlist" "cbind" "compare" 
"unique" "setdiff" "continuity" "FUN" "lapply" "unlist" "cbind" "compare" 
"unique.default" "unique" "setdiff" "continuity" "FUN" "lapply" "unlist" "cbind" "compare" 
